[ERROR] 2026-06-10 19:23:25,044 movies.email Booking confirmation email failed for rajatbhatt1310@gmail.com
Traceback (most recent call last):
  File "D:\MY DATA\ELEVANCE\djnago-bookmyshow-clone-main\movies\tasks.py", line 75, in process_queued_booking_emails
    send_booking_confirmation_email(email_delivery)
    ~~~~~~~~~~~~~~~~~~~~~~~~~~~~~~~^^^^^^^^^^^^^^^^
  File "D:\MY DATA\ELEVANCE\djnago-bookmyshow-clone-main\movies\tasks.py", line 138, in send_booking_confirmation_email
    email.send(fail_silently=False)
    ~~~~~~~~~~^^^^^^^^^^^^^^^^^^^^^
  File "C:\Users\rajat\AppData\Local\Programs\Python\Python313\Lib\site-packages\django\core\mail\message.py", line 358, in send
    return self.get_connection(fail_silently).send_messages([self])
           ~~~~~~~~~~~~~~~~~~~~~~~~~~~~~~~~~~~~~~~~~~~~~~~~^^^^^^^^
  File "C:\Users\rajat\AppData\Local\Programs\Python\Python313\Lib\site-packages\django\core\mail\backends\smtp.py", line 130, in send_messages
    new_conn_created = self.open()
  File "C:\Users\rajat\AppData\Local\Programs\Python\Python313\Lib\site-packages\django\core\mail\backends\smtp.py", line 97, in open
    self.connection.login(self.username, self.password)
    ~~~~~~~~~~~~~~~~~~~~~^^^^^^^^^^^^^^^^^^^^^^^^^^^^^^
  File "C:\Users\rajat\AppData\Local\Programs\Python\Python313\Lib\smtplib.py", line 764, in login
    raise last_exception
  File "C:\Users\rajat\AppData\Local\Programs\Python\Python313\Lib\smtplib.py", line 753, in login
    (code, resp) = self.auth(
                   ~~~~~~~~~^
        authmethod, getattr(self, method_name),
        ^^^^^^^^^^^^^^^^^^^^^^^^^^^^^^^^^^^^^^^
        initial_response_ok=initial_response_ok)
        ^^^^^^^^^^^^^^^^^^^^^^^^^^^^^^^^^^^^^^^^
  File "C:\Users\rajat\AppData\Local\Programs\Python\Python313\Lib\smtplib.py", line 671, in auth
    raise SMTPAuthenticationError(code, resp)
smtplib.SMTPAuthenticationError: (535, b'5.7.8 Username and Password not accepted. For more information, go to\n5.7.8  https://support.google.com/mail/?p=BadCredentials d9443c01a7336-2c16609e636sm249411005ad.51 - gsmtp')
[ERROR] 2026-06-10 19:23:44,629 movies.email Booking confirmation email failed for rajatbhatt1310@gmail.com
Traceback (most recent call last):
  File "D:\MY DATA\ELEVANCE\djnago-bookmyshow-clone-main\movies\tasks.py", line 75, in process_queued_booking_emails
    send_booking_confirmation_email(email_delivery)
    ~~~~~~~~~~~~~~~~~~~~~~~~~~~~~~~^^^^^^^^^^^^^^^^
  File "D:\MY DATA\ELEVANCE\djnago-bookmyshow-clone-main\movies\tasks.py", line 138, in send_booking_confirmation_email
    email.send(fail_silently=False)
    ~~~~~~~~~~^^^^^^^^^^^^^^^^^^^^^
  File "C:\Users\rajat\AppData\Local\Programs\Python\Python313\Lib\site-packages\django\core\mail\message.py", line 358, in send
    return self.get_connection(fail_silently).send_messages([self])
           ~~~~~~~~~~~~~~~~~~~~~~~~~~~~~~~~~~~~~~~~~~~~~~~~^^^^^^^^
  File "C:\Users\rajat\AppData\Local\Programs\Python\Python313\Lib\site-packages\django\core\mail\backends\smtp.py", line 130, in send_messages
    new_conn_created = self.open()
  File "C:\Users\rajat\AppData\Local\Programs\Python\Python313\Lib\site-packages\django\core\mail\backends\smtp.py", line 97, in open
    self.connection.login(self.username, self.password)
    ~~~~~~~~~~~~~~~~~~~~~^^^^^^^^^^^^^^^^^^^^^^^^^^^^^^
  File "C:\Users\rajat\AppData\Local\Programs\Python\Python313\Lib\smtplib.py", line 764, in login
    raise last_exception
  File "C:\Users\rajat\AppData\Local\Programs\Python\Python313\Lib\smtplib.py", line 753, in login
    (code, resp) = self.auth(
                   ~~~~~~~~~^
        authmethod, getattr(self, method_name),
        ^^^^^^^^^^^^^^^^^^^^^^^^^^^^^^^^^^^^^^^
        initial_response_ok=initial_response_ok)
        ^^^^^^^^^^^^^^^^^^^^^^^^^^^^^^^^^^^^^^^^
  File "C:\Users\rajat\AppData\Local\Programs\Python\Python313\Lib\smtplib.py", line 671, in auth
    raise SMTPAuthenticationError(code, resp)
smtplib.SMTPAuthenticationError: (535, b'5.7.8 Username and Password not accepted. For more information, go to\n5.7.8  https://support.google.com/mail/?p=BadCredentials d2e1a72fcca58-8428291a837sm25776668b3a.60 - gsmtp')
[ERROR] 2026-06-10 19:24:05,099 movies.email Booking confirmation email failed for rajatbhatt1310@gmail.com
Traceback (most recent call last):
  File "D:\MY DATA\ELEVANCE\djnago-bookmyshow-clone-main\movies\tasks.py", line 75, in process_queued_booking_emails
    send_booking_confirmation_email(email_delivery)
    ~~~~~~~~~~~~~~~~~~~~~~~~~~~~~~~^^^^^^^^^^^^^^^^
  File "D:\MY DATA\ELEVANCE\djnago-bookmyshow-clone-main\movies\tasks.py", line 138, in send_booking_confirmation_email
    email.send(fail_silently=False)
    ~~~~~~~~~~^^^^^^^^^^^^^^^^^^^^^
  File "C:\Users\rajat\AppData\Local\Programs\Python\Python313\Lib\site-packages\django\core\mail\message.py", line 358, in send
    return self.get_connection(fail_silently).send_messages([self])
           ~~~~~~~~~~~~~~~~~~~~~~~~~~~~~~~~~~~~~~~~~~~~~~~~^^^^^^^^
  File "C:\Users\rajat\AppData\Local\Programs\Python\Python313\Lib\site-packages\django\core\mail\backends\smtp.py", line 130, in send_messages
    new_conn_created = self.open()
  File "C:\Users\rajat\AppData\Local\Programs\Python\Python313\Lib\site-packages\django\core\mail\backends\smtp.py", line 97, in open
    self.connection.login(self.username, self.password)
    ~~~~~~~~~~~~~~~~~~~~~^^^^^^^^^^^^^^^^^^^^^^^^^^^^^^
  File "C:\Users\rajat\AppData\Local\Programs\Python\Python313\Lib\smtplib.py", line 764, in login
    raise last_exception
  File "C:\Users\rajat\AppData\Local\Programs\Python\Python313\Lib\smtplib.py", line 753, in login
    (code, resp) = self.auth(
                   ~~~~~~~~~^
        authmethod, getattr(self, method_name),
        ^^^^^^^^^^^^^^^^^^^^^^^^^^^^^^^^^^^^^^^
        initial_response_ok=initial_response_ok)
        ^^^^^^^^^^^^^^^^^^^^^^^^^^^^^^^^^^^^^^^^
  File "C:\Users\rajat\AppData\Local\Programs\Python\Python313\Lib\smtplib.py", line 671, in auth
    raise SMTPAuthenticationError(code, resp)
smtplib.SMTPAuthenticationError: (535, b'5.7.8 Username and Password not accepted. For more information, go to\n5.7.8  https://support.google.com/mail/?p=BadCredentials d9443c01a7336-2c164f6d395sm334808255ad.17 - gsmtp')
[INFO] 2026-06-10 19:43:46,868 movies.email Booking confirmation email sent to rajatbhatt1310@gmail.com for payment order_sim_659302d39506
[INFO] 2026-06-11 13:17:29,731 movies.email Booking confirmation email sent to rajatbhatt1310@gmail.com for payment order_sim_5c8043860518
